<?xml version='1.0' encoding='UTF-8'?>
<testsuite hostname="Raitiss-Mac-mini.local" name="com.springer.graffiti.test.CommandValidationTest" tests="32" errors="0" failures="0" time="0.144">
                     <properties>
[...]
</properties>
                     <testcase classname="com.springer.graffiti.test.CommandValidationTest" name="isValidCommand service should return 'true' if the command array first element is 'C'" time="0.121">
                                                 
                                               </testcase><testcase classname="com.springer.graffiti.test.CommandValidationTest" name="isValidCommand service should return 'false' if the command array first element is not defined as 'ALLOWED_COMMANDS'" time="0.0">
                                                 
                                               </testcase><testcase classname="com.springer.graffiti.test.CommandValidationTest" name="isValidCommandCreateCanvas service should return 'true' if the command array first element is 'C' and it has 2 positive size parameters" time="0.002">
                                                 
                                               </testcase><testcase classname="com.springer.graffiti.test.CommandValidationTest" name="isValidCommandCreateCanvas service should return 'false' if the 'Create Canvas' command has to many parameters" time="0.0">
                                                 
                                               </testcase><testcase classname="com.springer.graffiti.test.CommandValidationTest" name="isValidCommandCreateCanvas service should return 'false' if the 'Create Canvas' command has to few parameters" time="0.001">
                                                 
                                               </testcase><testcase classname="com.springer.graffiti.test.CommandValidationTest" name="isValidCommandCreateCanvas service should return 'false' if the 'Create Canvas' command has malformed parameters" time="0.001">
                                                 
                                               </testcase><testcase classname="com.springer.graffiti.test.CommandValidationTest" name="isValidCommandCreateCanvas service should return 'true' if the 'Create Canvas' command has minimal size 0x0" time="0.0">
                                                 
                                               </testcase><testcase classname="com.springer.graffiti.test.CommandValidationTest" name="isValidCommandCreateCanvas service should return 'false' if the 'Create Canvas' command has negative canvas size" time="0.0">
                                                 
                                               </testcase><testcase classname="com.springer.graffiti.test.CommandValidationTest" name="isValidCommandAddLine service should return 'false' if canvas is not defined" time="0.001">
                                                 
                                               </testcase><testcase classname="com.springer.graffiti.test.CommandValidationTest" name="isValidCommandAddLine service should return 'true' if the command array first element is 'L' and it has 4 positive size parameters, where 1st and 3rd or 2nd and 4th must be equal, and canvas is defined" time="0.006">
                                                 
                                               </testcase><testcase classname="com.springer.graffiti.test.CommandValidationTest" name="isValidCommandAddLine service should return 'false' if the 'Add Line' command has to many parameters" time="0.001">
                                                 
                                               </testcase><testcase classname="com.springer.graffiti.test.CommandValidationTest" name="isValidCommandAddLine service should return 'false' if the 'Add Line' command has to few parameters" time="0.001">
                                                 
                                               </testcase><testcase classname="com.springer.graffiti.test.CommandValidationTest" name="isValidCommandAddLine service should return 'false' if the 'Add Line' command has malformed parameters" time="0.0">
                                                 
                                               </testcase><testcase classname="com.springer.graffiti.test.CommandValidationTest" name="isValidCommandAddLine service should return 'false' if the 'Add Line' command do not have horizontal or vertical coordinates" time="0.0">
                                                 
                                               </testcase><testcase classname="com.springer.graffiti.test.CommandValidationTest" name="isValidCommandAddLine service should return 'false' if the 'Add Line' command coordinates are out of canvas" time="0.0">
                                                 
                                               </testcase><testcase classname="com.springer.graffiti.test.CommandValidationTest" name="isValidCommandAddLine service should return 'true' if the 'Add Line' is a dot" time="0.0">
                                                 
                                               </testcase><testcase classname="com.springer.graffiti.test.CommandValidationTest" name="isValidCommandAddRectangle service should return 'false' if canvas is not defined" time="0.0">
                                                 
                                               </testcase><testcase classname="com.springer.graffiti.test.CommandValidationTest" name="isValidCommandAddRectangle service should return 'true' if the command array first element is 'R' and it has 4 positive size parameters, where x1 &lt; x2 and y1 &lt; y2, and canvas is defined" time="0.001">
                                                 
                                               </testcase><testcase classname="com.springer.graffiti.test.CommandValidationTest" name="isValidCommandAddRectangle service should return 'false' if the 'Add Rectangle' command has to many parameters" time="0.001">
                                                 
                                               </testcase><testcase classname="com.springer.graffiti.test.CommandValidationTest" name="isValidCommandAddRectangle service should return 'false' if the 'Add Rectangle' command has to few parameters" time="0.001">
                                                 
                                               </testcase><testcase classname="com.springer.graffiti.test.CommandValidationTest" name="isValidCommandAddRectangle service should return 'false' if the 'Add Rectangle' command has malformed parameters" time="0.001">
                                                 
                                               </testcase><testcase classname="com.springer.graffiti.test.CommandValidationTest" name="isValidCommandAddRectangle service should return 'false' if the 'Add Rectangle' command has right corner before left" time="0.0">
                                                 
                                               </testcase><testcase classname="com.springer.graffiti.test.CommandValidationTest" name="isValidCommandAddRectangle service should return 'false' if the 'Add Rectangle' command has bottom corner above top" time="0.0">
                                                 
                                               </testcase><testcase classname="com.springer.graffiti.test.CommandValidationTest" name="isValidCommandAddRectangle service should return 'false' if the 'Add Rectangle' command coordinates are out of canvas" time="0.001">
                                                 
                                               </testcase><testcase classname="com.springer.graffiti.test.CommandValidationTest" name="isValidCommandAddRectangle service should return 'true' if the 'Add Rectangle' command has all coordinates equal (dot)" time="0.001">
                                                 
                                               </testcase><testcase classname="com.springer.graffiti.test.CommandValidationTest" name="isValidCommandAddFill service should return 'false' if canvas is not defined" time="0.001">
                                                 
                                               </testcase><testcase classname="com.springer.graffiti.test.CommandValidationTest" name="isValidCommandAddFill service should return 'true' if the command array first element is 'F' and it has 2 positive x and y coordinates, symbol to fill and canvas is defined" time="0.001">
                                                 
                                               </testcase><testcase classname="com.springer.graffiti.test.CommandValidationTest" name="isValidCommandAddFill service should return 'false' if the 'Add Fill' command has to many parameters" time="0.0">
                                                 
                                               </testcase><testcase classname="com.springer.graffiti.test.CommandValidationTest" name="isValidCommandAddFill service should return 'false' if the 'Add Fill' command has to few parameters" time="0.0">
                                                 
                                               </testcase><testcase classname="com.springer.graffiti.test.CommandValidationTest" name="isValidCommandAddFill service should return 'false' if the 'Add Fill' command has malformed parameters" time="0.001">
                                                 
                                               </testcase><testcase classname="com.springer.graffiti.test.CommandValidationTest" name="isValidCommandAddFill service should return 'false' if the 'Add Fill' command coordinates are out of canvas" time="0.001">
                                                 
                                               </testcase><testcase classname="com.springer.graffiti.test.CommandValidationTest" name="isValidCommandAddFill service should return 'false' if the 'Add Fill' command has more than one symbol" time="0.0">
                                                 
                                               </testcase>
                     <system-out></system-out>
                     <system-err></system-err>
                   </testsuite>